c:\users\hecto\documents\projectos computacion grafica\cg20211_06\cg20211_06\debug\vc141.pdb
c:\users\hecto\documents\projectos computacion grafica\cg20211_06\cg20211_06\debug\vc141.idb
c:\users\hecto\documents\projectos computacion grafica\cg20211_06\cg20211_06\debug\glad.obj
c:\users\hecto\documents\projectos computacion grafica\cg20211_06\cg20211_06\debug\main_prac11.obj
c:\users\hecto\documents\projectos computacion grafica\cg20211_06\cg20211_06\debug\main_prac12.obj
c:\users\hecto\desktop\cg20211_06\cg20211_06\debug\vc141.pdb
c:\users\hecto\desktop\cg20211_06\cg20211_06\debug\vc141.idb
c:\users\hecto\desktop\cg20211_06\cg20211_06\debug\glad.obj
c:\users\hecto\desktop\cg20211_06\cg20211_06\debug\main_prac12.obj
c:\users\hecto\documents\projectos computacion grafica\cg20211_06\debug\cg20211_06.exe
c:\users\hecto\documents\projectos computacion grafica\cg20211_06\debug\cg20211_06.ilk
c:\users\hecto\documents\projectos computacion grafica\cg20211_06\debug\cg20211_06.pdb
c:\users\hecto\desktop\cg20211_06\debug\cg20211_06.exe
c:\users\hecto\desktop\cg20211_06\debug\cg20211_06.ilk
c:\users\hecto\desktop\cg20211_06\debug\cg20211_06.pdb
c:\users\hecto\desktop\proyecto-final-computacion-grafica\cg20211_06\debug\glad.obj
c:\users\hecto\desktop\proyecto-final-computacion-grafica\cg20211_06\debug\main_prac11.obj
c:\users\hecto\desktop\proyecto-final-computacion-grafica\cg20211_06\debug\main_prac12.obj
c:\users\hecto\desktop\proyecto-final-computacion-grafica\cg20211_06\debug\vc141.idb
c:\users\hecto\desktop\proyecto-final-computacion-grafica\cg20211_06\debug\vc141.pdb
c:\users\hecto\desktop\proyecto-final-computacion-grafica\debug\cg20211_06.pdb
c:\users\hecto\desktop\proyecto-final-computacion-grafica\debug\cg20211_06.exe
c:\users\hecto\desktop\proyecto-final-computacion-grafica\debug\cg20211_06.ilk
c:\users\hecto\desktop\proyecto-final-computacion-grafica\cg20211_06\debug\cg20211_06.tlog\cl.command.1.tlog
c:\users\hecto\desktop\proyecto-final-computacion-grafica\cg20211_06\debug\cg20211_06.tlog\cl.read.1.tlog
c:\users\hecto\desktop\proyecto-final-computacion-grafica\cg20211_06\debug\cg20211_06.tlog\cl.write.1.tlog
c:\users\hecto\desktop\proyecto-final-computacion-grafica\cg20211_06\debug\cg20211_06.tlog\link.command.1.tlog
c:\users\hecto\desktop\proyecto-final-computacion-grafica\cg20211_06\debug\cg20211_06.tlog\link.read.1.tlog
c:\users\hecto\desktop\proyecto-final-computacion-grafica\cg20211_06\debug\cg20211_06.tlog\link.write.1.tlog
